<?xml version="1.0" encoding="utf-8"?><testsuites><testsuite errors="0" failures="0" hostname="DESKTOP-J8DMQPF" name="pytest" skipped="0" tests="3" time="14.565" timestamp="2020-05-23T20:02:27.402611"><testcase classname="bdd.group_scenarios" file="..\..\shiningpanda\jobs\52b83487\virtualenvs\d41d8cd9\lib\site-packages\pytest_bdd\scenario.py" line="197" name="test_add_group[name1-header1-footer1]" time="12.057"></testcase><testcase classname="bdd.group_scenarios" file="..\..\shiningpanda\jobs\52b83487\virtualenvs\d41d8cd9\lib\site-packages\pytest_bdd\scenario.py" line="197" name="test_add_group[name2-header2-footer2]" time="1.106"></testcase><testcase classname="bdd.group_scenarios" file="..\..\shiningpanda\jobs\52b83487\virtualenvs\d41d8cd9\lib\site-packages\pytest_bdd\scenario.py" line="197" name="test_del_group" time="1.306"></testcase></testsuite></testsuites>