<?xml version="1.0" encoding="utf-8"?><testsuites><testsuite errors="0" failures="0" hostname="DESKTOP-J8DMQPF" name="pytest" skipped="0" tests="9" time="34.558" timestamp="2020-05-23T20:02:42.611775"><testcase classname="bdd.contact_scenarios" file="..\..\shiningpanda\jobs\52b83487\virtualenvs\d41d8cd9\lib\site-packages\pytest_bdd\scenario.py" line="197" name="test_add_contact[----]" time="13.168"></testcase><testcase classname="bdd.contact_scenarios" file="..\..\shiningpanda\jobs\52b83487\virtualenvs\d41d8cd9\lib\site-packages\pytest_bdd\scenario.py" line="197" name="test_add_contact[firstname1-lastname1-address1-222222-111111]" time="2.640"></testcase><testcase classname="bdd.contact_scenarios" file="..\..\shiningpanda\jobs\52b83487\virtualenvs\d41d8cd9\lib\site-packages\pytest_bdd\scenario.py" line="197" name="test_add_contact[firstname2-lastname2-address2-333333-222222]" time="2.676"></testcase><testcase classname="bdd.contact_scenarios" file="..\..\shiningpanda\jobs\52b83487\virtualenvs\d41d8cd9\lib\site-packages\pytest_bdd\scenario.py" line="197" name="test_add_contact[-123---]" time="2.664"></testcase><testcase classname="bdd.contact_scenarios" file="..\..\shiningpanda\jobs\52b83487\virtualenvs\d41d8cd9\lib\site-packages\pytest_bdd\scenario.py" line="197" name="test_edit_contact[----]" time="2.619"></testcase><testcase classname="bdd.contact_scenarios" file="..\..\shiningpanda\jobs\52b83487\virtualenvs\d41d8cd9\lib\site-packages\pytest_bdd\scenario.py" line="197" name="test_edit_contact[first1-last1-add1-444444-555555]" time="2.700"></testcase><testcase classname="bdd.contact_scenarios" file="..\..\shiningpanda\jobs\52b83487\virtualenvs\d41d8cd9\lib\site-packages\pytest_bdd\scenario.py" line="197" name="test_edit_contact[firstname2-lastname2-address2-333333-222222]" time="2.662"></testcase><testcase classname="bdd.contact_scenarios" file="..\..\shiningpanda\jobs\52b83487\virtualenvs\d41d8cd9\lib\site-packages\pytest_bdd\scenario.py" line="197" name="test_edit_contact[abc---123-]" time="2.749"></testcase><testcase classname="bdd.contact_scenarios" file="..\..\shiningpanda\jobs\52b83487\virtualenvs\d41d8cd9\lib\site-packages\pytest_bdd\scenario.py" line="197" name="test_del_contact" time="2.562"></testcase></testsuite></testsuites>