<?xml version="1.0" encoding="utf-8"?><testsuites><testsuite errors="0" failures="0" hostname="DESKTOP-J8DMQPF" name="pytest" skipped="0" tests="8" time="64.387" timestamp="2020-05-23T19:45:25.335588"><testcase classname="test.test_add_contact" file="test\test_add_contact.py" line="4" name="test_contact_add[None: ; ; ]" time="17.254"></testcase><testcase classname="test.test_add_contact" file="test\test_add_contact.py" line="4" name="test_contact_add[None: firstnamegMl ; lastname; address]" time="8.287"></testcase><testcase classname="test.test_add_contact" file="test\test_add_contact.py" line="4" name="test_contact_add[None: firstname/~f; lastnameV2g; addressMM]" time="8.403"></testcase><testcase classname="test.test_add_contact" file="test\test_add_contact.py" line="4" name="test_contact_add[None: firstname~?/w; lastnameipX /4(); addressK]" time="8.491"></testcase><testcase classname="test.test_add_contact" file="test\test_add_contact.py" line="4" name="test_contact_add[None: firstname ; lastname; addressK2Ife4PXXXf]2 a7(]" time="8.436"></testcase><testcase classname="test.test_add_contact" file="test\test_add_contact.py" line="4" name="test_contact_add[None: firstnameoO; lastnameR e S; addressl7~uc92Hu]" time="8.012"></testcase><testcase classname="test.test_add_contact" file="test\test_add_contact.py" line="4" name="test_contact_add[None: None; lastnamePq[Wu1; None]" time="1.540"></testcase><testcase classname="test.test_add_contact" file="test\test_add_contact.py" line="4" name="test_contact_add[None: None; None; addressk]" time="3.936"></testcase></testsuite></testsuites>