<?xml version="1.0" encoding="utf-8"?><testsuites><testsuite errors="0" failures="0" hostname="DESKTOP-J8DMQPF" name="pytest" skipped="0" tests="16" time="27.299" timestamp="2020-05-23T19:44:57.460040"><testcase classname="test.test_add_group" file="test\test_add_group.py" line="4" name="test_group_add[None: ; ; ]" time="11.999"></testcase><testcase classname="test.test_add_group" file="test\test_add_group.py" line="4" name="test_group_add[None: ; ; footer^]&amp;VLqp/V)!~ jZiE]" time="1.112"></testcase><testcase classname="test.test_add_group" file="test\test_add_group.py" line="4" name="test_group_add[None: ; headerD |TVm60I1$w; ]" time="1.156"></testcase><testcase classname="test.test_add_group" file="test\test_add_group.py" line="4" name="test_group_add[None: ; headerD |TVm60I1$w; footerDC/@B0]" time="1.010"></testcase><testcase classname="test.test_add_group" file="test\test_add_group.py" line="4" name="test_group_add[None: nameI.b; ; ]" time="0.989"></testcase><testcase classname="test.test_add_group" file="test\test_add_group.py" line="4" name="test_group_add[None: nameI.b; ; footerC@PcwsVnZ]" time="1.060"></testcase><testcase classname="test.test_add_group" file="test\test_add_group.py" line="4" name="test_group_add[None: nameI.b; header% &quot;F2-1j7]; ]" time="1.030"></testcase><testcase classname="test.test_add_group" file="test\test_add_group.py" line="4" name="test_group_add[None: nameI.b; header% &quot;F2-1j7]; footer.2O&quot;@BIu4]" time="1.005"></testcase><testcase classname="test.test_add_group" file="test\test_add_group.py" line="4" name="test_group_add[None: name_e!; header-JXZS-%Z.?; footerfOl0v! C5:osqi+J(|]" time="1.085"></testcase><testcase classname="test.test_add_group" file="test\test_add_group.py" line="4" name="test_group_add[None: name5e[A rx; headerEX ^ qrj+7VCb9 ; footert8ETuL]" time="1.076"></testcase><testcase classname="test.test_add_group" file="test\test_add_group.py" line="4" name="test_group_add[None: name&amp;|_Oqs; headerF T; footerV K1D c .^e ?,]" time="1.136"></testcase><testcase classname="test.test_add_group" file="test\test_add_group.py" line="4" name="test_group_add[None: name%E,|.IwI; headerY-9{ Cx.; footerl[)W{]" time="1.018"></testcase><testcase classname="test.test_add_group" file="test\test_add_group.py" line="4" name="test_group_add[None: name; header,eFJ Zv; footern[LsDDt5c|+^]" time="1.114"></testcase><testcase classname="test.test_add_group" file="test\test_add_group.py" line="4" name="test_group_add[None: name0/; None; None]" time="0.564"></testcase><testcase classname="test.test_add_group" file="test\test_add_group.py" line="4" name="test_group_add[None: None; header6pB,; None]" time="0.561"></testcase><testcase classname="test.test_add_group" file="test\test_add_group.py" line="4" name="test_group_add[None: None; None; footer N8]" time="1.339"></testcase></testsuite></testsuites>